#
# A fatal error has been detected by the Java Runtime Environment:
#
#  EXCEPTION_ACCESS_VIOLATION (0xc0000005) at pc=0x0000000000000000, pid=30204, tid=0x000000000000745c
#
# JRE version: Java(TM) SE Runtime Environment (8.0_231-b11) (build 1.8.0_231-b11)
# Java VM: Java HotSpot(TM) 64-Bit Server VM (25.231-b11 mixed mode windows-amd64 compressed oops)
# Problematic frame:
# C  0x0000000000000000
#
# Failed to write core dump. Minidumps are not enabled by default on client versions of Windows
#
# If you would like to submit a bug report, please visit:
#   http://bugreport.java.com/bugreport/crash.jsp
# The crash happened outside the Java Virtual Machine in native code.
# See problematic frame for where to report the bug.
#

---------------  T H R E A D  ---------------

Current thread (0x0000000021264000):  JavaThread "AWT-EventQueue-0" [_thread_in_native, id=29788, stack(0x000000002c9f0000,0x000000002caf0000)]

siginfo: ExceptionCode=0xc0000005, ExceptionInformation=0x0000000000000008 0x0000000000000000

Registers:
RAX=0x000000002e11be00, RBX=0x00000000212641f8, RCX=0x0000000029056bc0, RDX=0x0000000000000002
RSP=0x000000002caec958, RBP=0x00007fff21dc2c10, RSI=0x000000002caecae0, RDI=0x0000000000000000
R8 =0x0000000000000001, R9 =0x000000076ed5f948, R10=0x000000000000000c, R11=0x000000005b1fcf70
R12=0x0000000029056bc0, R13=0x0000000000000002, R14=0x0000000000000001, R15=0x0000000000000000
RIP=0x0000000000000000, EFLAGS=0x0000000000010206

Top of Stack: (sp=0x000000002caec958)
0x000000002caec958:   000000006c582424 00000000212641f8
0x000000002caec968:   00007fff21dc2c10 000000002caecae0
0x000000002caec978:   0000000020b4e560 000000002f0bd1a0
0x000000002caec988:   000000076ed5f948 000000002f0bd1a0
0x000000002caec998:   000000002f0bd1a0 00000000000088ec
0x000000002caec9a8:   0000000002987da0 000000002caecaa0
0x000000002caec9b8:   0000000000000000 000000002f0bd1a0
0x000000002caec9c8:   000000002caecb10 0000000021264000
0x000000002caec9d8:   0000000002998627 00000000000000b7
0x000000002caec9e8:   000000002f0bd2b8 00000000210678e0
0x000000002caec9f8:   000000005b08830a 0000000000000001
0x000000002caeca08:   000000002caecae0 0000000000000000
0x000000002caeca18:   0000000000000000 00007fff21dc2c10
0x000000002caeca28:   000000000299835d 0000000021264000
0x000000002caeca38:   000000002f0bd1a0 00000000000088ec
0x000000002caeca48:   0000000021264000 000000002caecbb0 

Instructions: (pc=0x0000000000000000)
0xffffffffffffffe0:   


Register to memory mapping:

RAX=0x000000002e11be00 is an unknown value
RBX=0x00000000212641f8 is an unknown value
RCX=0x0000000029056bc0 is an unknown value
RDX=0x0000000000000002 is an unknown value
RSP=0x000000002caec958 is pointing into the stack for thread: 0x0000000021264000
RBP=0x00007fff21dc2c10 is an unknown value
RSI=0x000000002caecae0 is pointing into the stack for thread: 0x0000000021264000
RDI=0x0000000000000000 is an unknown value
R8 =0x0000000000000001 is an unknown value
R9 =0x000000076ed5f948 is an oop

[error occurred during error reporting (printing register info), id 0xc0000005]

Stack: [0x000000002c9f0000,0x000000002caf0000],  sp=0x000000002caec958,  free space=1010k
Native frames: (J=compiled Java code, j=interpreted, Vv=VM code, C=native code)

Java frames: (J=compiled Java code, j=interpreted, Vv=VM code)
j  com.jogamp.opencl.llb.impl.CLAbstractImpl.dispatch_clCreateFromGLBuffer1(JJILjava/lang/Object;IZJ)J+0
j  com.jogamp.opencl.llb.impl.CLAbstractImpl.clCreateFromGLBuffer(JJI[II)J+108
j  com.jogamp.opencl.gl.CLGLBuffer.create(Lcom/jogamp/opencl/CLContext;Ljava/nio/Buffer;JII)Lcom/jogamp/opencl/gl/CLGLBuffer;+34
j  com.jogamp.opencl.gl.CLGLContext.createFromGLBuffer(Ljava/nio/Buffer;IJI)Lcom/jogamp/opencl/gl/CLGLBuffer;+6
j  com.jogamp.opencl.gl.CLGLContext.createFromGLBuffer(IJ[Lcom/jogamp/opencl/CLMemory$Mem;)Lcom/jogamp/opencl/gl/CLGLBuffer;+9
j  jonahshader.App.initPBO(Lcom/jogamp/opengl/GL;)V+251
j  jonahshader.App.display(Lcom/jogamp/opengl/GLAutoDrawable;)V+35
j  jogamp.opengl.GLDrawableHelper.displayImpl(Lcom/jogamp/opengl/GLAutoDrawable;)V+81
j  jogamp.opengl.GLDrawableHelper.display(Lcom/jogamp/opengl/GLAutoDrawable;)V+2
j  com.jogamp.opengl.awt.GLCanvas$11.run()V+118
j  jogamp.opengl.GLDrawableHelper.invokeGLImpl(Lcom/jogamp/opengl/GLDrawable;Lcom/jogamp/opengl/GLContext;Ljava/lang/Runnable;Ljava/lang/Runnable;)V+203
j  jogamp.opengl.GLDrawableHelper.invokeGL(Lcom/jogamp/opengl/GLDrawable;Lcom/jogamp/opengl/GLContext;Ljava/lang/Runnable;Ljava/lang/Runnable;)V+72
j  com.jogamp.opengl.awt.GLCanvas$12.run()V+104
j  com.jogamp.opengl.Threading.invoke(ZLjava/lang/Runnable;Ljava/lang/Object;)V+27
j  com.jogamp.opengl.awt.GLCanvas.display()V+64
j  com.jogamp.opengl.awt.GLCanvas.paint(Ljava/awt/Graphics;)V+137
j  sun.awt.RepaintArea.paintComponent(Ljava/awt/Component;Ljava/awt/Graphics;)V+6
j  sun.awt.RepaintArea.paint(Ljava/lang/Object;Z)V+326
j  sun.awt.windows.WComponentPeer.handleEvent(Ljava/awt/AWTEvent;)V+155
j  java.awt.Component.dispatchEventImpl(Ljava/awt/AWTEvent;)V+877
j  java.awt.Component.dispatchEvent(Ljava/awt/AWTEvent;)V+2
j  java.awt.EventQueue.dispatchEventImpl(Ljava/awt/AWTEvent;Ljava/lang/Object;)V+41
j  java.awt.EventQueue.access$500(Ljava/awt/EventQueue;Ljava/awt/AWTEvent;Ljava/lang/Object;)V+3
j  java.awt.EventQueue$3.run()Ljava/lang/Void;+32
j  java.awt.EventQueue$3.run()Ljava/lang/Object;+1
v  ~StubRoutines::call_stub
j  java.security.AccessController.doPrivileged(Ljava/security/PrivilegedAction;Ljava/security/AccessControlContext;)Ljava/lang/Object;+0
j  java.security.ProtectionDomain$JavaSecurityAccessImpl.doIntersectionPrivilege(Ljava/security/PrivilegedAction;Ljava/security/AccessControlContext;Ljava/security/AccessControlContext;)Ljava/lang/Object;+18
j  java.security.ProtectionDomain$JavaSecurityAccessImpl.doIntersectionPrivilege(Ljava/security/PrivilegedAction;Ljava/security/AccessControlContext;)Ljava/lang/Object;+6
j  java.awt.EventQueue$4.run()Ljava/lang/Void;+11
j  java.awt.EventQueue$4.run()Ljava/lang/Object;+1
v  ~StubRoutines::call_stub
j  java.security.AccessController.doPrivileged(Ljava/security/PrivilegedAction;Ljava/security/AccessControlContext;)Ljava/lang/Object;+0
j  java.security.ProtectionDomain$JavaSecurityAccessImpl.doIntersectionPrivilege(Ljava/security/PrivilegedAction;Ljava/security/AccessControlContext;Ljava/security/AccessControlContext;)Ljava/lang/Object;+18
j  java.awt.EventQueue.dispatchEvent(Ljava/awt/AWTEvent;)V+73
j  java.awt.EventDispatchThread.pumpOneEventForFilters(I)V+140
j  java.awt.EventDispatchThread.pumpEventsForFilter(ILjava/awt/Conditional;Ljava/awt/EventFilter;)V+35
j  java.awt.EventDispatchThread.pumpEventsForHierarchy(ILjava/awt/Conditional;Ljava/awt/Component;)V+11
j  java.awt.EventDispatchThread.pumpEvents(ILjava/awt/Conditional;)V+4
j  java.awt.EventDispatchThread.pumpEvents(Ljava/awt/Conditional;)V+3
j  java.awt.EventDispatchThread.run()V+9
v  ~StubRoutines::call_stub

---------------  P R O C E S S  ---------------

Java Threads: ( => current thread )
  0x000000002ae61800 JavaThread "AWT-EventQueue-0-AWTAnimator#00" [_thread_blocked, id=18448, stack(0x000000002f260000,0x000000002f360000)]
  0x000000002ae47800 JavaThread "D3D Screen Updater" daemon [_thread_blocked, id=3384, stack(0x000000002daf0000,0x000000002dbf0000)]
  0x0000000002885800 JavaThread "DestroyJavaVM" [_thread_blocked, id=17252, stack(0x0000000002530000,0x0000000002630000)]
=>0x0000000021264000 JavaThread "AWT-EventQueue-0" [_thread_in_native, id=29788, stack(0x000000002c9f0000,0x000000002caf0000)]
  0x0000000021263000 JavaThread "AWT-Shutdown" [_thread_blocked, id=16968, stack(0x0000000029270000,0x0000000029370000)]
  0x00000000211c8000 JavaThread "main-SharedResourceRunner" daemon [_thread_blocked, id=30804, stack(0x000000002be90000,0x000000002bf90000)]
  0x0000000020f8a800 JavaThread "AWT-Windows" daemon [_thread_in_native, id=24644, stack(0x0000000021e60000,0x0000000021f60000)]
  0x0000000020f89000 JavaThread "Java2D Disposer" daemon [_thread_blocked, id=14920, stack(0x0000000021c60000,0x0000000021d60000)]
  0x0000000020b49800 JavaThread "Service Thread" daemon [_thread_blocked, id=3164, stack(0x00000000215e0000,0x00000000216e0000)]
  0x000000001e6b6800 JavaThread "C1 CompilerThread11" daemon [_thread_blocked, id=11200, stack(0x00000000214e0000,0x00000000215e0000)]
  0x000000001e6b6000 JavaThread "C1 CompilerThread10" daemon [_thread_blocked, id=8892, stack(0x00000000213e0000,0x00000000214e0000)]
  0x0000000020af0800 JavaThread "C1 CompilerThread9" daemon [_thread_blocked, id=28640, stack(0x00000000212e0000,0x00000000213e0000)]
  0x000000001e69e800 JavaThread "C1 CompilerThread8" daemon [_thread_blocked, id=32496, stack(0x00000000209e0000,0x0000000020ae0000)]
  0x000000001e686000 JavaThread "C2 CompilerThread7" daemon [_thread_blocked, id=4624, stack(0x00000000207e0000,0x00000000208e0000)]
  0x000000001e668000 JavaThread "C2 CompilerThread6" daemon [_thread_blocked, id=18136, stack(0x00000000206e0000,0x00000000207e0000)]
  0x000000001e63e800 JavaThread "C2 CompilerThread5" daemon [_thread_blocked, id=15700, stack(0x00000000205e0000,0x00000000206e0000)]
  0x000000001e635800 JavaThread "C2 CompilerThread4" daemon [_thread_blocked, id=5524, stack(0x00000000204e0000,0x00000000205e0000)]
  0x000000001e621000 JavaThread "C2 CompilerThread3" daemon [_thread_blocked, id=20028, stack(0x00000000203e0000,0x00000000204e0000)]
  0x000000001e620000 JavaThread "C2 CompilerThread2" daemon [_thread_blocked, id=21532, stack(0x00000000202e0000,0x00000000203e0000)]
  0x000000001e61a000 JavaThread "C2 CompilerThread1" daemon [_thread_blocked, id=3832, stack(0x00000000201e0000,0x00000000202e0000)]
  0x000000001e618000 JavaThread "C2 CompilerThread0" daemon [_thread_blocked, id=27464, stack(0x00000000200e0000,0x00000000201e0000)]
  0x000000001e5cc800 JavaThread "Monitor Ctrl-Break" daemon [_thread_in_native, id=26300, stack(0x000000001ffe0000,0x00000000200e0000)]
  0x000000001e3a8000 JavaThread "Attach Listener" daemon [_thread_blocked, id=29668, stack(0x000000001fee0000,0x000000001ffe0000)]
  0x000000001e3a5800 JavaThread "Signal Dispatcher" daemon [_thread_blocked, id=18588, stack(0x000000001fde0000,0x000000001fee0000)]
  0x000000001c93b000 JavaThread "Finalizer" daemon [_thread_blocked, id=21340, stack(0x000000001fbe0000,0x000000001fce0000)]
  0x000000001e386000 JavaThread "Reference Handler" daemon [_thread_blocked, id=27232, stack(0x000000001fae0000,0x000000001fbe0000)]

Other Threads:
  0x000000001c92b800 VMThread [stack: 0x000000001f9e0000,0x000000001fae0000] [id=32868]
  0x000000001e4d7800 WatcherThread [stack: 0x00000000216e0000,0x00000000217e0000] [id=16972]

VM state:not at safepoint (normal execution)

VM Mutex/Monitor currently owned by a thread: None

heap address: 0x00000006c0c00000, size: 4084 MB, Compressed Oops mode: Zero based, Oop shift amount: 3
Narrow klass base: 0x0000000000000000, Narrow klass shift: 3
Compressed class space size: 1073741824 Address: 0x00000007c0000000

Heap:
 PSYoungGen      total 76288K, used 65536K [0x000000076af00000, 0x0000000770400000, 0x00000007c0000000)
  eden space 65536K, 100% used [0x000000076af00000,0x000000076ef00000,0x000000076ef00000)
  from space 10752K, 0% used [0x000000076f980000,0x000000076f980000,0x0000000770400000)
  to   space 10752K, 0% used [0x000000076ef00000,0x000000076ef00000,0x000000076f980000)
 ParOldGen       total 175104K, used 0K [0x00000006c0c00000, 0x00000006cb700000, 0x000000076af00000)
  object space 175104K, 0% used [0x00000006c0c00000,0x00000006c0c00000,0x00000006cb700000)
 Metaspace       used 16962K, capacity 17111K, committed 17536K, reserved 1064960K
  class space    used 1754K, capacity 1820K, committed 1920K, reserved 1048576K

Card table byte_map: [0x0000000011d40000,0x0000000012540000] byte_map_base: 0x000000000e73a000

Marking Bits: (ParMarkBitMap*) 0x000000005b7f6d90
 Begin Bits: [0x00000000137a0000, 0x0000000017770000)
 End Bits:   [0x0000000017770000, 0x000000001b740000)

Polling page: 0x0000000000c70000

CodeCache: size=245760Kb used=5308Kb max_used=5314Kb free=240451Kb
 bounds [0x0000000002980000, 0x0000000002ec0000, 0x0000000011980000]
 total_blobs=1811 nmethods=887 adapters=835
 compilation: enabled

Compilation events (10 events):
Event: 2.686 Thread 0x000000001e618000  882       4       java.util.HashMap::putVal (300 bytes)
Event: 2.686 Thread 0x000000001e668000  883       4       java.util.HashMap::put (13 bytes)
Event: 2.688 Thread 0x000000001e6b6000  884       3       java.util.Formatter$Flags::contains (22 bytes)
Event: 2.688 Thread 0x000000001e6b6000 nmethod 884 0x0000000002eacb50 code [0x0000000002eaccc0, 0x0000000002eaced0]
Event: 2.690 Thread 0x000000001e618000 nmethod 882 0x0000000002eb01d0 code [0x0000000002eb0380, 0x0000000002eb0970]
Event: 2.691 Thread 0x000000001e668000 nmethod 883 0x0000000002eade90 code [0x0000000002eae040, 0x0000000002eae670]
Event: 2.712 Thread 0x0000000020af0800  885   !   3       sun.misc.URLClassPath$JarLoader::getResource (85 bytes)
Event: 2.712 Thread 0x0000000020af0800 nmethod 885 0x0000000002eaefd0 code [0x0000000002eaf1e0, 0x0000000002eafc98]
Event: 2.713 Thread 0x000000001e69e800  886       1       java.util.concurrent.locks.AbstractQueuedSynchronizer::getState (5 bytes)
Event: 2.713 Thread 0x000000001e69e800 nmethod 886 0x0000000002eaecd0 code [0x0000000002eaee20, 0x0000000002eaef30]

GC Heap History (0 events):
No events

Deoptimization events (10 events):
Event: 2.464 Thread 0x0000000021264000 Uncommon trap: reason=class_check action=maybe_recompile pc=0x0000000002e4a88c method=com.jogamp.gluegen.runtime.ProcAddressTable.setEntry(Ljava/lang/reflect/Field;Ljava/lang/String;Lcom/jogamp/common/os/DynamicLookupHelper;)V @ 30
Event: 2.464 Thread 0x0000000021264000 Uncommon trap: reason=unstable_if action=reinterpret pc=0x0000000002e46924 method=com.jogamp.common.os.DynamicLibraryBundle.dynamicLookupFunction(Ljava/lang/String;)J @ 65
Event: 2.464 Thread 0x0000000021264000 Uncommon trap: reason=class_check action=maybe_recompile pc=0x0000000002e4a88c method=com.jogamp.gluegen.runtime.ProcAddressTable.setEntry(Ljava/lang/reflect/Field;Ljava/lang/String;Lcom/jogamp/common/os/DynamicLookupHelper;)V @ 30
Event: 2.464 Thread 0x0000000021264000 Uncommon trap: reason=class_check action=maybe_recompile pc=0x0000000002e42350 method=com.jogamp.common.os.DynamicLibraryBundle.toolDynamicLookupFunction(Ljava/lang/String;)J @ 18
Event: 2.464 Thread 0x0000000021264000 Uncommon trap: reason=class_check action=maybe_recompile pc=0x0000000002e4a88c method=com.jogamp.gluegen.runtime.ProcAddressTable.setEntry(Ljava/lang/reflect/Field;Ljava/lang/String;Lcom/jogamp/common/os/DynamicLookupHelper;)V @ 30
Event: 2.464 Thread 0x0000000021264000 Uncommon trap: reason=class_check action=maybe_recompile pc=0x0000000002e42350 method=com.jogamp.common.os.DynamicLibraryBundle.toolDynamicLookupFunction(Ljava/lang/String;)J @ 18
Event: 2.464 Thread 0x0000000021264000 Uncommon trap: reason=class_check action=maybe_recompile pc=0x0000000002e4a88c method=com.jogamp.gluegen.runtime.ProcAddressTable.setEntry(Ljava/lang/reflect/Field;Ljava/lang/String;Lcom/jogamp/common/os/DynamicLookupHelper;)V @ 30
Event: 2.464 Thread 0x0000000021264000 Uncommon trap: reason=class_check action=maybe_recompile pc=0x0000000002e42350 method=com.jogamp.common.os.DynamicLibraryBundle.toolDynamicLookupFunction(Ljava/lang/String;)J @ 18
Event: 2.464 Thread 0x0000000021264000 Uncommon trap: reason=class_check action=maybe_recompile pc=0x0000000002e42350 method=com.jogamp.common.os.DynamicLibraryBundle.toolDynamicLookupFunction(Ljava/lang/String;)J @ 18
Event: 2.679 Thread 0x0000000021264000 Uncommon trap: reason=unstable_if action=reinterpret pc=0x0000000002d978e8 method=sun.misc.MetaIndex.mayContain(Ljava/lang/String;)Z @ 38

Classes redefined (0 events):
No events

Internal exceptions (10 events):
Event: 0.213 Thread 0x0000000002885800 Exception <a 'java/security/PrivilegedActionException'> (0x000000076b78b838) thrown at [C:\re\workspace\8-2-build-windows-amd64-cygwin\jdk8u231\13620\hotspot\src\share\vm\prims\jvm.cpp, line 1502]
Event: 0.213 Thread 0x0000000002885800 Exception <a 'java/security/PrivilegedActionException'> (0x000000076b78ba48) thrown at [C:\re\workspace\8-2-build-windows-amd64-cygwin\jdk8u231\13620\hotspot\src\share\vm\prims\jvm.cpp, line 1502]
Event: 0.214 Thread 0x0000000002885800 Exception <a 'java/security/PrivilegedActionException'> (0x000000076b78f958) thrown at [C:\re\workspace\8-2-build-windows-amd64-cygwin\jdk8u231\13620\hotspot\src\share\vm\prims\jvm.cpp, line 1502]
Event: 0.214 Thread 0x0000000002885800 Exception <a 'java/security/PrivilegedActionException'> (0x000000076b78fb68) thrown at [C:\re\workspace\8-2-build-windows-amd64-cygwin\jdk8u231\13620\hotspot\src\share\vm\prims\jvm.cpp, line 1502]
Event: 0.926 Thread 0x0000000002885800 Exception <a 'java/lang/NoSuchFieldError': method resolution failed> (0x000000076bd9ebe8) thrown at [C:\re\workspace\8-2-build-windows-amd64-cygwin\jdk8u231\13620\hotspot\src\share\vm\prims\methodHandles.cpp, line 1167]
Event: 0.927 Thread 0x0000000002885800 Exception <a 'java/lang/NoSuchFieldError': method resolution failed> (0x000000076bdacdd0) thrown at [C:\re\workspace\8-2-build-windows-amd64-cygwin\jdk8u231\13620\hotspot\src\share\vm\prims\methodHandles.cpp, line 1167]
Event: 0.974 Thread 0x0000000002885800 Exception <a 'java/io/FileNotFoundException'> (0x000000076c0348b0) thrown at [C:\re\workspace\8-2-build-windows-amd64-cygwin\jdk8u231\13620\hotspot\src\share\vm\prims\jni.cpp, line 710]
Event: 1.020 Thread 0x0000000002885800 Exception <a 'java/io/FileNotFoundException'> (0x000000076c268e58) thrown at [C:\re\workspace\8-2-build-windows-amd64-cygwin\jdk8u231\13620\hotspot\src\share\vm\prims\jni.cpp, line 710]
Event: 2.232 Thread 0x0000000002885800 Exception <a 'java/lang/InterruptedException'> (0x000000076cf60668) thrown at [C:\re\workspace\8-2-build-windows-amd64-cygwin\jdk8u231\13620\hotspot\src\share\vm\runtime\objectMonitor.cpp, line 1684]
Event: 2.324 Thread 0x0000000021264000 Exception <a 'java/lang/reflect/InvocationTargetException'> (0x000000076e27f088) thrown at [C:\re\workspace\8-2-build-windows-amd64-cygwin\jdk8u231\13620\hotspot\src\share\vm\runtime\reflection.cpp, line 1092]

Events (10 events):
Event: 2.712 loading class com/jogamp/opengl/util/Animator$MainLoop done
Event: 2.713 Thread 0x000000002ae61800 Thread added: 0x000000002ae61800
Event: 2.715 loading class com/jogamp/opencl/CLMemory$Mem
Event: 2.715 loading class com/jogamp/opencl/CLMemory$Mem done
Event: 2.715 loading class com/jogamp/opencl/gl/CLGLBuffer
Event: 2.715 loading class com/jogamp/opencl/gl/CLGLBuffer done
Event: 2.716 loading class com/jogamp/opencl/gl/CLGLObject
Event: 2.716 loading class com/jogamp/opencl/gl/CLGLObject done
Event: 2.716 loading class com/jogamp/opencl/CLBuffer
Event: 2.716 loading class com/jogamp/opencl/CLBuffer done


Dynamic libraries:
0x00007ff7c1850000 - 0x00007ff7c1887000 	C:\Program Files\Java\jdk1.8.0_231\bin\java.exe
0x00007fff38520000 - 0x00007fff38710000 	C:\WINDOWS\SYSTEM32\ntdll.dll
0x00007fff37af0000 - 0x00007fff37ba2000 	C:\WINDOWS\System32\KERNEL32.DLL
0x00007fff356d0000 - 0x00007fff35973000 	C:\WINDOWS\System32\KERNELBASE.dll
0x00007fff36710000 - 0x00007fff367b3000 	C:\WINDOWS\System32\ADVAPI32.dll
0x00007fff38230000 - 0x00007fff382ce000 	C:\WINDOWS\System32\msvcrt.dll
0x00007fff37990000 - 0x00007fff37a27000 	C:\WINDOWS\System32\sechost.dll
0x00007fff37bb0000 - 0x00007fff37cd0000 	C:\WINDOWS\System32\RPCRT4.dll
0x00007fff377f0000 - 0x00007fff37984000 	C:\WINDOWS\System32\USER32.dll
0x00007fff35550000 - 0x00007fff35571000 	C:\WINDOWS\System32\win32u.dll
0x00007fff37ac0000 - 0x00007fff37ae6000 	C:\WINDOWS\System32\GDI32.dll
0x00007fff36390000 - 0x00007fff36524000 	C:\WINDOWS\System32\gdi32full.dll
0x00007fff354b0000 - 0x00007fff3554e000 	C:\WINDOWS\System32\msvcp_win.dll
0x00007fff359e0000 - 0x00007fff35ada000 	C:\WINDOWS\System32\ucrtbase.dll
0x00007fff233e0000 - 0x00007fff23665000 	C:\WINDOWS\WinSxS\amd64_microsoft.windows.common-controls_6595b64144ccf1df_6.0.18362.657_none_e6c5b579130e3898\COMCTL32.dll
0x00007fff36920000 - 0x00007fff36c56000 	C:\WINDOWS\System32\combase.dll
0x00007fff36550000 - 0x00007fff365d0000 	C:\WINDOWS\System32\bcryptPrimitives.dll
0x00007fff36680000 - 0x00007fff366ae000 	C:\WINDOWS\System32\IMM32.DLL
0x000000005b880000 - 0x000000005b952000 	C:\Program Files\Java\jdk1.8.0_231\jre\bin\msvcr100.dll
0x000000005afd0000 - 0x000000005b876000 	C:\Program Files\Java\jdk1.8.0_231\jre\bin\server\jvm.dll
0x00007fff37a30000 - 0x00007fff37a38000 	C:\WINDOWS\System32\PSAPI.DLL
0x00007fff113a0000 - 0x00007fff113a9000 	C:\WINDOWS\SYSTEM32\WSOCK32.dll
0x00007fff2e5c0000 - 0x00007fff2e5ca000 	C:\WINDOWS\SYSTEM32\VERSION.dll
0x00007fff31030000 - 0x00007fff31054000 	C:\WINDOWS\SYSTEM32\WINMM.dll
0x00007fff382d0000 - 0x00007fff3833f000 	C:\WINDOWS\System32\WS2_32.dll
0x00007fff31000000 - 0x00007fff3102d000 	C:\WINDOWS\SYSTEM32\winmmbase.dll
0x00007fff35ae0000 - 0x00007fff35b2a000 	C:\WINDOWS\System32\cfgmgr32.dll
0x00007fff2f760000 - 0x00007fff2f76f000 	C:\Program Files\Java\jdk1.8.0_231\jre\bin\verify.dll
0x00007fff282b0000 - 0x00007fff282d9000 	C:\Program Files\Java\jdk1.8.0_231\jre\bin\java.dll
0x00007fff23b30000 - 0x00007fff23b53000 	C:\Program Files\Java\jdk1.8.0_231\jre\bin\instrument.dll
0x00007fff2f240000 - 0x00007fff2f256000 	C:\Program Files\Java\jdk1.8.0_231\jre\bin\zip.dll
0x00007fff36c70000 - 0x00007fff37355000 	C:\WINDOWS\System32\SHELL32.dll
0x00007fff37590000 - 0x00007fff37639000 	C:\WINDOWS\System32\shcore.dll
0x00007fff35c10000 - 0x00007fff3638f000 	C:\WINDOWS\System32\windows.storage.dll
0x00007fff35470000 - 0x00007fff3548f000 	C:\WINDOWS\System32\profapi.dll
0x00007fff35400000 - 0x00007fff3544a000 	C:\WINDOWS\System32\powrprof.dll
0x00007fff353f0000 - 0x00007fff35400000 	C:\WINDOWS\System32\UMPDC.dll
0x00007fff37640000 - 0x00007fff37692000 	C:\WINDOWS\System32\shlwapi.dll
0x00007fff35450000 - 0x00007fff35461000 	C:\WINDOWS\System32\kernel.appcore.dll
0x00007fff36530000 - 0x00007fff36547000 	C:\WINDOWS\System32\cryptsp.dll
0x00007fff30e80000 - 0x00007fff30e9a000 	C:\Program Files\JetBrains\IntelliJ IDEA Community Edition 2019.2\bin\breakgen64.dll
0x00007fff2eeb0000 - 0x00007fff2eeca000 	C:\Program Files\Java\jdk1.8.0_231\jre\bin\net.dll
0x00007fff34c60000 - 0x00007fff34cc7000 	C:\WINDOWS\system32\mswsock.dll
0x00007fff347d0000 - 0x00007fff34803000 	C:\WINDOWS\system32\rsaenh.dll
0x00007fff35be0000 - 0x00007fff35c06000 	C:\WINDOWS\System32\bcrypt.dll
0x00007fff35310000 - 0x00007fff35335000 	C:\WINDOWS\SYSTEM32\USERENV.dll
0x00007fff34e30000 - 0x00007fff34e3c000 	C:\WINDOWS\SYSTEM32\CRYPTBASE.dll
0x00007fff34970000 - 0x00007fff349aa000 	C:\WINDOWS\SYSTEM32\IPHLPAPI.DLL
0x00007fff37ab0000 - 0x00007fff37ab8000 	C:\WINDOWS\System32\NSI.dll
0x00007fff2e3d0000 - 0x00007fff2e3e6000 	C:\WINDOWS\SYSTEM32\dhcpcsvc6.DLL
0x00007fff2e3b0000 - 0x00007fff2e3cc000 	C:\WINDOWS\SYSTEM32\dhcpcsvc.DLL
0x00007fff349b0000 - 0x00007fff34a7a000 	C:\WINDOWS\SYSTEM32\DNSAPI.dll
0x00007fff2ec00000 - 0x00007fff2ec12000 	C:\Program Files\Java\jdk1.8.0_231\jre\bin\nio.dll
0x00007fff33580000 - 0x00007fff3360f000 	C:\WINDOWS\system32\apphelp.dll
0x00000000637c0000 - 0x00000000637cd000 	C:\Users\Jonah\AppData\Local\Temp\jogamp_0000\file_cache\jln5410879734773414237\jln4396294551222338146\gluegen-rt.dll
0x00007fff03f90000 - 0x00007fff0412a000 	C:\Program Files\Java\jdk1.8.0_231\jre\bin\awt.dll
0x00007fff376a0000 - 0x00007fff37764000 	C:\WINDOWS\System32\OLEAUT32.dll
0x00007fff33730000 - 0x00007fff337c9000 	C:\WINDOWS\system32\uxtheme.dll
0x00007fff383a0000 - 0x00007fff384d5000 	C:\WINDOWS\System32\MSCTF.dll
0x00007fff367c0000 - 0x00007fff36916000 	C:\WINDOWS\System32\ole32.dll
0x00007fff2ee50000 - 0x00007fff2ee57000 	C:\Program Files\Java\jdk1.8.0_231\jre\bin\jawt.dll
0x000000006a440000 - 0x000000006a44d000 	C:\Users\Jonah\AppData\Local\Temp\jogamp_0000\file_cache\jln5410879734773414237\jln4396294551222338146\nativewindow_awt.dll
0x00007fff33b90000 - 0x00007fff33bbd000 	C:\WINDOWS\system32\DWMAPI.DLL
0x00007fff239b0000 - 0x00007fff23b06000 	C:\WINDOWS\system32\opengl32.dll
0x00007fff30950000 - 0x00007fff3097c000 	C:\WINDOWS\SYSTEM32\GLU32.dll
0x00007fff34060000 - 0x00007fff34080000 	C:\WINDOWS\SYSTEM32\dxcore.dll
0x00007fff240b0000 - 0x00007fff24277000 	C:\WINDOWS\system32\d3d9.dll
0x00007fff2bfb0000 - 0x00007fff2c09f000 	C:\WINDOWS\System32\DriverStore\FileRepository\nv_dispi.inf_amd64_fd5965e649b796e5\nvldumdx.dll
0x00007fff35580000 - 0x00007fff356c9000 	C:\WINDOWS\System32\crypt32.dll
0x00007fff35490000 - 0x00007fff354a2000 	C:\WINDOWS\System32\MSASN1.dll
0x00007fff2e580000 - 0x00007fff2e5af000 	C:\WINDOWS\SYSTEM32\cryptnet.dll
0x00007fff35980000 - 0x00007fff359dc000 	C:\WINDOWS\System32\WINTRUST.DLL
0x00007fff38210000 - 0x00007fff3822d000 	C:\WINDOWS\System32\imagehlp.dll
0x00007ffed13b0000 - 0x00007ffed28b7000 	C:\WINDOWS\System32\DriverStore\FileRepository\nv_dispi.inf_amd64_fd5965e649b796e5\nvd3dumx.dll
0x00007fff19300000 - 0x00007fff195c4000 	C:\WINDOWS\system32\nvspcap64.dll
0x00007fff34560000 - 0x00007fff34591000 	C:\WINDOWS\SYSTEM32\ntmarta.dll
0x00007fff34010000 - 0x00007fff34032000 	C:\WINDOWS\SYSTEM32\gpapi.dll
0x000000006c100000 - 0x000000006c10f000 	C:\Users\Jonah\AppData\Local\Temp\jogamp_0000\file_cache\jln5410879734773414237\jln4396294551222338146\nativewindow_win32.dll
0x0000000064500000 - 0x00000000645ae000 	C:\Users\Jonah\AppData\Local\Temp\jogamp_0000\file_cache\jln5410879734773414237\jln4396294551222338146\jogl_desktop.dll
0x0000000064340000 - 0x00000000643a0000 	C:\Users\Jonah\AppData\Local\Temp\jogamp_0000\file_cache\jln5410879734773414237\jln4396294551222338146\jogl_mobile.dll
0x00007ffecbc50000 - 0x00007ffece329000 	C:\WINDOWS\System32\DriverStore\FileRepository\nv_dispi.inf_amd64_fd5965e649b796e5\nvoglv64.dll
0x00007fff37cd0000 - 0x00007fff38140000 	C:\WINDOWS\System32\SETUPAPI.dll
0x00007fff30440000 - 0x00007fff30453000 	C:\WINDOWS\SYSTEM32\WTSAPI32.dll
0x00007fff351f0000 - 0x00007fff3521a000 	C:\WINDOWS\SYSTEM32\DEVOBJ.dll
0x00007fff344b0000 - 0x00007fff3450c000 	C:\WINDOWS\SYSTEM32\WINSTA.dll
0x00007fff23200000 - 0x00007fff23249000 	C:\Program Files\Java\jdk1.8.0_231\jre\bin\fontmanager.dll
0x00007fff2cfd0000 - 0x00007fff2d06e000 	C:\WINDOWS\System32\TextInputFramework.dll
0x00007fff2f3c0000 - 0x00007fff2f6ea000 	C:\WINDOWS\System32\CoreUIComponents.dll
0x00007fff33370000 - 0x00007fff33444000 	C:\WINDOWS\System32\CoreMessaging.dll
0x00007fff31070000 - 0x00007fff311c3000 	C:\WINDOWS\SYSTEM32\wintypes.dll
0x00007fff21a80000 - 0x00007fff21ae5000 	C:\WINDOWS\system32\Oleacc.dll
0x00007fff21dc0000 - 0x00007fff21e2e000 	C:\WINDOWS\SYSTEM32\OpenCL.dll
0x000000006c580000 - 0x000000006c594000 	C:\Users\Jonah\AppData\Local\Temp\jogamp_0000\file_cache\jln5410879734773414237\jln4396294551222338146\jocl.dll
0x00007fff340f0000 - 0x00007fff341db000 	C:\WINDOWS\SYSTEM32\dxgi.dll
0x00007ffec9fa0000 - 0x00007ffecbc48000 	C:\WINDOWS\System32\DriverStore\FileRepository\nv_dispi.inf_amd64_fd5965e649b796e5\nvopencl64.dll
0x00007fff27b40000 - 0x00007fff2802f000 	C:\WINDOWS\SYSTEM32\nvapi64.dll
0x00007ffec78f0000 - 0x00007ffec9f97000 	C:\WINDOWS\system32\nvcompiler.dll
0x00007fff13d40000 - 0x00007fff13f34000 	C:\WINDOWS\SYSTEM32\dbghelp.dll

VM Arguments:
jvm_args: -javaagent:C:\Program Files\JetBrains\IntelliJ IDEA Community Edition 2019.2\lib\idea_rt.jar=53499:C:\Program Files\JetBrains\IntelliJ IDEA Community Edition 2019.2\bin -Dfile.encoding=UTF-8 
java_command: jonahshader.Launcher
java_class_path (initial): C:\Program Files\Java\jdk1.8.0_231\jre\lib\charsets.jar;C:\Program Files\Java\jdk1.8.0_231\jre\lib\deploy.jar;C:\Program Files\Java\jdk1.8.0_231\jre\lib\ext\access-bridge-64.jar;C:\Program Files\Java\jdk1.8.0_231\jre\lib\ext\cldrdata.jar;C:\Program Files\Java\jdk1.8.0_231\jre\lib\ext\dnsns.jar;C:\Program Files\Java\jdk1.8.0_231\jre\lib\ext\jaccess.jar;C:\Program Files\Java\jdk1.8.0_231\jre\lib\ext\jfxrt.jar;C:\Program Files\Java\jdk1.8.0_231\jre\lib\ext\localedata.jar;C:\Program Files\Java\jdk1.8.0_231\jre\lib\ext\nashorn.jar;C:\Program Files\Java\jdk1.8.0_231\jre\lib\ext\sunec.jar;C:\Program Files\Java\jdk1.8.0_231\jre\lib\ext\sunjce_provider.jar;C:\Program Files\Java\jdk1.8.0_231\jre\lib\ext\sunmscapi.jar;C:\Program Files\Java\jdk1.8.0_231\jre\lib\ext\sunpkcs11.jar;C:\Program Files\Java\jdk1.8.0_231\jre\lib\ext\zipfs.jar;C:\Program Files\Java\jdk1.8.0_231\jre\lib\javaws.jar;C:\Program Files\Java\jdk1.8.0_231\jre\lib\jce.jar;C:\Program Files\Java\jdk1.8.0_231\jre\lib\jfr.jar;C:\Program Files\Java\jdk1.8.0_231\jre\lib\jfxswt.jar;C:\Program Files\Java\jdk1.8.0_231\jre\lib\jsse.jar;C:\Program Files\Java\jdk1.8.0_231\jre\lib\management-agent.jar;C:\Program Files\Java\jdk1.8.0_231\jre\lib\plugin.jar;C:\Program Files\Java\jdk1.8.0_231\jre\lib\resources.jar;C:\Program Files\Java\jdk1.8.0_231\jre\lib\rt.jar;G:\Programming\IDEAProjects\opencl_ray_tracer\out\production\opencl_ray_tracer;C:\Users\Jonah\.IdeaIC2019.3\config\plugins\Kotlin\kotlinc\lib\kotlin-stdlib.jar;C:\Users\Jonah\.IdeaIC2019.3\config\plugins\Kotlin\kotlinc\lib\kotlin-reflect.jar;C:\Users\Jonah\.IdeaIC2019.3\config\plugins\Kotlin\kotlinc\lib\kotlin-test.jar;C:\Users\Jonah\.IdeaIC2019.3\config\plugins\Kotlin\kotlinc\lib\kotlin-stdlib-jdk7.jar;C:\Users\Jonah\.IdeaIC2019.3\config\plugins\Kotlin\kotlinc\lib\kotlin-stdlib-jdk8.jar;C:\Users\Jonah\.m2\repository\org\jogamp\gluegen\gluegen-rt-main\2.3.1\gluegen-rt-main-2.3.1.jar;C:\Users\Jonah\.m2\repository\org\jogamp\gluegen\gluegen-rt
Launcher Type: SUN_STANDARD

Environment Variables:
JAVA_HOME=C:\Program Files\Java\jdk-12.0.2
PATH=C:\Program Files\NVIDIA GPU Computing Toolkit\CUDA\v10.2\bin;C:\Program Files\NVIDIA GPU Computing Toolkit\CUDA\v10.2\libnvvp;C:\Program Files (x86)\Common Files\Oracle\Java\javapath;C:\Program Files (x86)\Common Files\Intel\Shared Libraries\redist\intel64_win\compiler;C:\Windows\system32;C:\Windows;C:\Windows\System32\Wbem;C:\Windows\System32\WindowsPowerShell\v1.0\;C:\Windows\System32\OpenSSH\;G:\MinGW\bin;C:\Program Files (x86)\NVIDIA Corporation\PhysX\Common;G:\Program Files (x86)\QuickTime\QTSystem\;C:\Program Files\Intel\WiFi\bin\;C:\Program Files\Common Files\Intel\WirelessCommon\;C:\Program Files\NVIDIA Corporation\NVIDIA NvDLISR;C:\WINDOWS\system32;C:\WINDOWS;C:\WINDOWS\System32\Wbem;C:\WINDOWS\System32\WindowsPowerShell\v1.0\;C:\WINDOWS\System32\OpenSSH\;C:\Program Files\NVIDIA Corporation\NVIDIA NGX;C:\Program Files\Java\jdk-12.0.2\bin;;C:\Program Files\TDM-GCC-64\bin;C:\Program Files\Microsoft VS Code\bin;C:\Program Files\NVIDIA Corporation\Nsight Compute 2019.5.0\;C:\Program Files\Microsoft SQL Server\120\Tools\Binn\;C:\Program Files\CMake\bin;C:\Users\Jonah\AppData\Local\Programs\Python\Python38-32\Scripts\;C:\Users\Jonah\AppData\Local\Programs\Python\Python38-32\;C:\Program Files (x86)\Elm\0.19\bin;G:\Ruby24-x64\bin;C:\Users\Jonah\.cargo\bin;C:\Users\Jonah\AppData\Local\Microsoft\WindowsApps;C:\Program Files\Microsoft VS Code\bin;C:\Users\Jonah\AppData\Local\atom\bin;C:\Program Files\Intel\WiFi\bin\;C:\Program Files\Common Files\Intel\WirelessCommon\;C:\Users\Jonah\AppData\Local\Microsoft\WindowsApps;C:\Program Files (x86)\Atmel\Flip 3.4.7\bin;G:\Programming\Other;C:\Program Files\Git\bin;C:\Users\Jonah\Anaconda3\Scripts;
USERNAME=Jonah
OS=Windows_NT
PROCESSOR_IDENTIFIER=AMD64 Family 23 Model 8 Stepping 2, AuthenticAMD



---------------  S Y S T E M  ---------------

OS: Windows 10.0 , 64 bit Build 18362 (10.0.18362.329)

CPU:total 16 (initial active 16) (16 cores per cpu, 1 threads per core) family 23 model 8 stepping 2, cmov, cx8, fxsr, mmx, sse, sse2, sse3, ssse3, sse4.1, sse4.2, popcnt, avx, avx2, aes, clmul, mmxext, 3dnowpref, lzcnt, sse4a, tsc, tscinvbit, tscinv, bmi1

Memory: 4k page, physical 16725388k(8514436k free), swap 46085516k(20745156k free)

vm_info: Java HotSpot(TM) 64-Bit Server VM (25.231-b11) for windows-amd64 JRE (1.8.0_231-b11), built on Oct  5 2019 03:11:30 by "java_re" with MS VC++ 10.0 (VS2010)

time: Mon Mar 09 21:32:10 2020
timezone: Eastern Daylight Time
elapsed time: 2 seconds (0d 0h 0m 2s)

