#
# A fatal error has been detected by the Java Runtime Environment:
#
#  EXCEPTION_ACCESS_VIOLATION (0xc0000005) at pc=0x000000040000001c, pid=6960, tid=0x00000000000015e4
#
# JRE version: Java(TM) SE Runtime Environment (8.0_231-b11) (build 1.8.0_231-b11)
# Java VM: Java HotSpot(TM) 64-Bit Server VM (25.231-b11 mixed mode windows-amd64 compressed oops)
# Problematic frame:
# C  0x000000040000001c
#
# Failed to write core dump. Minidumps are not enabled by default on client versions of Windows
#
# If you would like to submit a bug report, please visit:
#   http://bugreport.java.com/bugreport/crash.jsp
# The crash happened outside the Java Virtual Machine in native code.
# See problematic frame for where to report the bug.
#

---------------  T H R E A D  ---------------

Current thread (0x0000000020eee000):  JavaThread "AWT-EventQueue-0" [_thread_in_native, id=5604, stack(0x000000002a040000,0x000000002a140000)]

siginfo: ExceptionCode=0xc0000005, ExceptionInformation=0x0000000000000008 0x000000040000001c

Registers:
RAX=0x000000002e2543d0, RBX=0x0000000020eee1f8, RCX=0x000000002da61590, RDX=0x0000000000000002
RSP=0x000000002a13ca78, RBP=0x00007fff21dc2c10, RSI=0x000000002a13cc00, RDI=0x0000000000000000
R8 =0x0000000000000001, R9 =0x000000076eaaad38, R10=0x000000000000000c, R11=0x000000005b1fcf70
R12=0x000000002da61590, R13=0x0000000000000002, R14=0x0000000000000001, R15=0x0000000000000000
RIP=0x000000040000001c, EFLAGS=0x0000000000010206

Top of Stack: (sp=0x000000002a13ca78)
0x000000002a13ca78:   000000006c582424 0000000020eee1f8
0x000000002a13ca88:   00007fff21dc2c10 000000002a13cc00
0x000000002a13ca98:   000000001e3cd690 000000002ed4d1a0
0x000000002a13caa8:   000000076eaaad38 000000002ed4d1a0
0x000000002a13cab8:   000000002ed4d1a0 00000000000088ec
0x000000002a13cac8:   0000000002707da0 000000002a13cbc0
0x000000002a13cad8:   0000000000000000 000000002ed4d1a0
0x000000002a13cae8:   000000002a13cc30 0000000020eee000
0x000000002a13caf8:   0000000002718627 00000000000000b7
0x000000002a13cb08:   000000002ed4d2b8 0000000021044c80
0x000000002a13cb18:   000000005b08830a 0000000000000001
0x000000002a13cb28:   000000002a13cc00 0000000000000000
0x000000002a13cb38:   0000000000000000 00007fff21dc2c10
0x000000002a13cb48:   000000000271835d 0000000020eee000
0x000000002a13cb58:   000000002ed4d1a0 00000000000088ec
0x000000002a13cb68:   0000000020eee000 000000002a13ccd0 

Instructions: (pc=0x000000040000001c)
0x00000003fffffffc:   
[error occurred during error reporting (printing registers, top of stack, instructions near pc), id 0xc0000005]

Register to memory mapping:

RAX=0x000000002e2543d0 is an unknown value
RBX=0x0000000020eee1f8 is an unknown value
RCX=0x000000002da61590 is an unknown value
RDX=0x0000000000000002 is an unknown value
RSP=0x000000002a13ca78 is pointing into the stack for thread: 0x0000000020eee000
RBP=0x00007fff21dc2c10 is an unknown value
RSI=0x000000002a13cc00 is pointing into the stack for thread: 0x0000000020eee000
RDI=0x0000000000000000 is an unknown value
R8 =0x0000000000000001 is an unknown value
R9 =0x000000076eaaad38 is an oop

[error occurred during error reporting (printing register info), id 0xc0000005]

Stack: [0x000000002a040000,0x000000002a140000],  sp=0x000000002a13ca78,  free space=1010k
Native frames: (J=compiled Java code, j=interpreted, Vv=VM code, C=native code)
C  0x000000040000001c

Java frames: (J=compiled Java code, j=interpreted, Vv=VM code)
j  com.jogamp.opencl.llb.impl.CLAbstractImpl.dispatch_clCreateFromGLBuffer1(JJILjava/lang/Object;IZJ)J+0
j  com.jogamp.opencl.llb.impl.CLAbstractImpl.clCreateFromGLBuffer(JJI[II)J+108
j  com.jogamp.opencl.gl.CLGLBuffer.create(Lcom/jogamp/opencl/CLContext;Ljava/nio/Buffer;JII)Lcom/jogamp/opencl/gl/CLGLBuffer;+34
j  com.jogamp.opencl.gl.CLGLContext.createFromGLBuffer(Ljava/nio/Buffer;IJI)Lcom/jogamp/opencl/gl/CLGLBuffer;+6
j  com.jogamp.opencl.gl.CLGLContext.createFromGLBuffer(IJ[Lcom/jogamp/opencl/CLMemory$Mem;)Lcom/jogamp/opencl/gl/CLGLBuffer;+9
j  jonahshader.App.initPBO(Lcom/jogamp/opengl/GL;)V+251
j  jonahshader.App.display(Lcom/jogamp/opengl/GLAutoDrawable;)V+35
j  jogamp.opengl.GLDrawableHelper.displayImpl(Lcom/jogamp/opengl/GLAutoDrawable;)V+81
j  jogamp.opengl.GLDrawableHelper.display(Lcom/jogamp/opengl/GLAutoDrawable;)V+2
j  com.jogamp.opengl.awt.GLCanvas$11.run()V+118
j  jogamp.opengl.GLDrawableHelper.invokeGLImpl(Lcom/jogamp/opengl/GLDrawable;Lcom/jogamp/opengl/GLContext;Ljava/lang/Runnable;Ljava/lang/Runnable;)V+203
j  jogamp.opengl.GLDrawableHelper.invokeGL(Lcom/jogamp/opengl/GLDrawable;Lcom/jogamp/opengl/GLContext;Ljava/lang/Runnable;Ljava/lang/Runnable;)V+72
j  com.jogamp.opengl.awt.GLCanvas$12.run()V+104
j  com.jogamp.opengl.Threading.invoke(ZLjava/lang/Runnable;Ljava/lang/Object;)V+27
j  com.jogamp.opengl.awt.GLCanvas.display()V+64
j  com.jogamp.opengl.awt.GLCanvas.paint(Ljava/awt/Graphics;)V+137
j  sun.awt.RepaintArea.paintComponent(Ljava/awt/Component;Ljava/awt/Graphics;)V+6
j  sun.awt.RepaintArea.paint(Ljava/lang/Object;Z)V+326
j  sun.awt.windows.WComponentPeer.handleEvent(Ljava/awt/AWTEvent;)V+155
j  java.awt.Component.dispatchEventImpl(Ljava/awt/AWTEvent;)V+877
j  java.awt.Component.dispatchEvent(Ljava/awt/AWTEvent;)V+2
j  java.awt.EventQueue.dispatchEventImpl(Ljava/awt/AWTEvent;Ljava/lang/Object;)V+41
j  java.awt.EventQueue.access$500(Ljava/awt/EventQueue;Ljava/awt/AWTEvent;Ljava/lang/Object;)V+3
j  java.awt.EventQueue$3.run()Ljava/lang/Void;+32
j  java.awt.EventQueue$3.run()Ljava/lang/Object;+1
v  ~StubRoutines::call_stub
j  java.security.AccessController.doPrivileged(Ljava/security/PrivilegedAction;Ljava/security/AccessControlContext;)Ljava/lang/Object;+0
j  java.security.ProtectionDomain$JavaSecurityAccessImpl.doIntersectionPrivilege(Ljava/security/PrivilegedAction;Ljava/security/AccessControlContext;Ljava/security/AccessControlContext;)Ljava/lang/Object;+18
j  java.security.ProtectionDomain$JavaSecurityAccessImpl.doIntersectionPrivilege(Ljava/security/PrivilegedAction;Ljava/security/AccessControlContext;)Ljava/lang/Object;+6
j  java.awt.EventQueue$4.run()Ljava/lang/Void;+11
j  java.awt.EventQueue$4.run()Ljava/lang/Object;+1
v  ~StubRoutines::call_stub
j  java.security.AccessController.doPrivileged(Ljava/security/PrivilegedAction;Ljava/security/AccessControlContext;)Ljava/lang/Object;+0
j  java.security.ProtectionDomain$JavaSecurityAccessImpl.doIntersectionPrivilege(Ljava/security/PrivilegedAction;Ljava/security/AccessControlContext;Ljava/security/AccessControlContext;)Ljava/lang/Object;+18
j  java.awt.EventQueue.dispatchEvent(Ljava/awt/AWTEvent;)V+73
j  java.awt.EventDispatchThread.pumpOneEventForFilters(I)V+140
j  java.awt.EventDispatchThread.pumpEventsForFilter(ILjava/awt/Conditional;Ljava/awt/EventFilter;)V+35
j  java.awt.EventDispatchThread.pumpEventsForHierarchy(ILjava/awt/Conditional;Ljava/awt/Component;)V+11
j  java.awt.EventDispatchThread.pumpEvents(ILjava/awt/Conditional;)V+4
j  java.awt.EventDispatchThread.pumpEvents(Ljava/awt/Conditional;)V+3
j  java.awt.EventDispatchThread.run()V+9
v  ~StubRoutines::call_stub

---------------  P R O C E S S  ---------------

Java Threads: ( => current thread )
  0x0000000021b17000 JavaThread "AWT-EventQueue-0-AWTAnimator#00" [_thread_blocked, id=19200, stack(0x000000002f060000,0x000000002f160000)]
  0x0000000021a28800 JavaThread "D3D Screen Updater" daemon [_thread_blocked, id=17688, stack(0x000000002d790000,0x000000002d890000)]
  0x0000000002605800 JavaThread "DestroyJavaVM" [_thread_blocked, id=20756, stack(0x0000000002300000,0x0000000002400000)]
  0x00000000218d0800 JavaThread "main-SharedResourceRunner" daemon [_thread_blocked, id=15920, stack(0x000000002bc90000,0x000000002bd90000)]
=>0x0000000020eee000 JavaThread "AWT-EventQueue-0" [_thread_in_native, id=5604, stack(0x000000002a040000,0x000000002a140000)]
  0x0000000020f8c000 JavaThread "AWT-Windows" daemon [_thread_in_native, id=11328, stack(0x0000000022bd0000,0x0000000022cd0000)]
  0x0000000020f9c000 JavaThread "AWT-Shutdown" [_thread_blocked, id=33264, stack(0x0000000022ad0000,0x0000000022bd0000)]
  0x0000000020f9b800 JavaThread "Java2D Disposer" daemon [_thread_blocked, id=23652, stack(0x00000000229d0000,0x0000000022ad0000)]
  0x00000000209e3000 JavaThread "Service Thread" daemon [_thread_blocked, id=31216, stack(0x0000000021380000,0x0000000021480000)]
  0x000000001e40b800 JavaThread "C1 CompilerThread11" daemon [_thread_blocked, id=14496, stack(0x0000000021280000,0x0000000021380000)]
  0x000000001e40e000 JavaThread "C1 CompilerThread10" daemon [_thread_blocked, id=11288, stack(0x0000000021180000,0x0000000021280000)]
  0x000000001e408800 JavaThread "C1 CompilerThread9" daemon [_thread_blocked, id=5764, stack(0x0000000020880000,0x0000000020980000)]
  0x000000001e408000 JavaThread "C1 CompilerThread8" daemon [_thread_blocked, id=19492, stack(0x0000000020680000,0x0000000020780000)]
  0x000000001e40e800 JavaThread "C2 CompilerThread7" daemon [_thread_blocked, id=14040, stack(0x0000000020580000,0x0000000020680000)]
  0x000000001e40d000 JavaThread "C2 CompilerThread6" daemon [_thread_blocked, id=19660, stack(0x0000000020480000,0x0000000020580000)]
  0x000000001e40b000 JavaThread "C2 CompilerThread5" daemon [_thread_blocked, id=8036, stack(0x0000000020380000,0x0000000020480000)]
  0x000000001e3ef000 JavaThread "C2 CompilerThread4" daemon [_thread_blocked, id=32256, stack(0x0000000020280000,0x0000000020380000)]
  0x000000001e3ca800 JavaThread "C2 CompilerThread3" daemon [_thread_blocked, id=5084, stack(0x0000000020180000,0x0000000020280000)]
  0x000000001e3c9800 JavaThread "C2 CompilerThread2" daemon [_thread_blocked, id=18732, stack(0x0000000020080000,0x0000000020180000)]
  0x000000001e3bd000 JavaThread "C2 CompilerThread1" daemon [_thread_blocked, id=18996, stack(0x000000001ff80000,0x0000000020080000)]
  0x000000001e2ec000 JavaThread "C2 CompilerThread0" daemon [_thread_blocked, id=33696, stack(0x000000001fe80000,0x000000001ff80000)]
  0x000000001e3ba800 JavaThread "Monitor Ctrl-Break" daemon [_thread_in_native, id=18852, stack(0x000000001fd80000,0x000000001fe80000)]
  0x000000001e148000 JavaThread "Attach Listener" daemon [_thread_blocked, id=31372, stack(0x000000001fc80000,0x000000001fd80000)]
  0x000000001e145800 JavaThread "Signal Dispatcher" daemon [_thread_blocked, id=33756, stack(0x000000001fb80000,0x000000001fc80000)]
  0x000000001c6bb000 JavaThread "Finalizer" daemon [_thread_blocked, id=26156, stack(0x000000001f980000,0x000000001fa80000)]
  0x000000001e126000 JavaThread "Reference Handler" daemon [_thread_blocked, id=15540, stack(0x000000001f880000,0x000000001f980000)]

Other Threads:
  0x000000001c6ab800 VMThread [stack: 0x000000001f780000,0x000000001f880000] [id=19252]
  0x0000000020a68000 WatcherThread [stack: 0x0000000021480000,0x0000000021580000] [id=20424]

VM state:not at safepoint (normal execution)

VM Mutex/Monitor currently owned by a thread: None

heap address: 0x00000006c0c00000, size: 4084 MB, Compressed Oops mode: Zero based, Oop shift amount: 3
Narrow klass base: 0x0000000000000000, Narrow klass shift: 3
Compressed class space size: 1073741824 Address: 0x00000007c0000000

Heap:
 PSYoungGen      total 76288K, used 63461K [0x000000076af00000, 0x0000000770400000, 0x00000007c0000000)
  eden space 65536K, 96% used [0x000000076af00000,0x000000076ecf95a8,0x000000076ef00000)
  from space 10752K, 0% used [0x000000076f980000,0x000000076f980000,0x0000000770400000)
  to   space 10752K, 0% used [0x000000076ef00000,0x000000076ef00000,0x000000076f980000)
 ParOldGen       total 175104K, used 0K [0x00000006c0c00000, 0x00000006cb700000, 0x000000076af00000)
  object space 175104K, 0% used [0x00000006c0c00000,0x00000006c0c00000,0x00000006cb700000)
 Metaspace       used 16959K, capacity 17111K, committed 17536K, reserved 1064960K
  class space    used 1754K, capacity 1820K, committed 1920K, reserved 1048576K

Card table byte_map: [0x0000000011ac0000,0x00000000122c0000] byte_map_base: 0x000000000e4ba000

Marking Bits: (ParMarkBitMap*) 0x000000005b7f6d90
 Begin Bits: [0x0000000013520000, 0x00000000174f0000)
 End Bits:   [0x00000000174f0000, 0x000000001b4c0000)

Polling page: 0x0000000000490000

CodeCache: size=245760Kb used=5317Kb max_used=5325Kb free=240442Kb
 bounds [0x0000000002700000, 0x0000000002c40000, 0x0000000011700000]
 total_blobs=1814 nmethods=890 adapters=835
 compilation: enabled

Compilation events (10 events):
Event: 2.713 Thread 0x000000001e408000 nmethod 886 0x0000000002c2f0d0 code [0x0000000002c2f220, 0x0000000002c2f390]
Event: 2.713 Thread 0x000000001e40b800 nmethod 885 0x0000000002c2f450 code [0x0000000002c2f5c0, 0x0000000002c2f868]
Event: 2.716 Thread 0x000000001e40b000  887       4       java.util.HashMap::putVal (300 bytes)
Event: 2.716 Thread 0x000000001e3bd000  888       4       java.util.HashMap::put (13 bytes)
Event: 2.717 Thread 0x000000001e40e000  889       3       java.util.Formatter$Flags::contains (22 bytes)
Event: 2.717 Thread 0x000000001e40e000 nmethod 889 0x0000000002c2fa50 code [0x0000000002c2fbc0, 0x0000000002c2fdb0]
Event: 2.720 Thread 0x000000001e40b000 nmethod 887 0x0000000002c33090 code [0x0000000002c33240, 0x0000000002c33830]
Event: 2.720 Thread 0x000000001e3bd000 nmethod 888 0x0000000002c30d50 code [0x0000000002c30f00, 0x0000000002c31530]
Event: 2.744 Thread 0x000000001e408800  890   !   3       sun.misc.URLClassPath$JarLoader::getResource (85 bytes)
Event: 2.744 Thread 0x000000001e408800 nmethod 890 0x0000000002c31e90 code [0x0000000002c320a0, 0x0000000002c32b58]

GC Heap History (0 events):
No events

Deoptimization events (10 events):
Event: 2.482 Thread 0x0000000020eee000 Uncommon trap: reason=class_check action=maybe_recompile pc=0x0000000002bcd54c method=com.jogamp.gluegen.runtime.ProcAddressTable.setEntry(Ljava/lang/reflect/Field;Ljava/lang/String;Lcom/jogamp/common/os/DynamicLookupHelper;)V @ 30
Event: 2.482 Thread 0x0000000020eee000 Uncommon trap: reason=unstable_if action=reinterpret pc=0x0000000002bc95e4 method=com.jogamp.common.os.DynamicLibraryBundle.dynamicLookupFunction(Ljava/lang/String;)J @ 65
Event: 2.482 Thread 0x0000000020eee000 Uncommon trap: reason=class_check action=maybe_recompile pc=0x0000000002bcd54c method=com.jogamp.gluegen.runtime.ProcAddressTable.setEntry(Ljava/lang/reflect/Field;Ljava/lang/String;Lcom/jogamp/common/os/DynamicLookupHelper;)V @ 30
Event: 2.482 Thread 0x0000000020eee000 Uncommon trap: reason=class_check action=maybe_recompile pc=0x0000000002bc5010 method=com.jogamp.common.os.DynamicLibraryBundle.toolDynamicLookupFunction(Ljava/lang/String;)J @ 18
Event: 2.482 Thread 0x0000000020eee000 Uncommon trap: reason=class_check action=maybe_recompile pc=0x0000000002bcd54c method=com.jogamp.gluegen.runtime.ProcAddressTable.setEntry(Ljava/lang/reflect/Field;Ljava/lang/String;Lcom/jogamp/common/os/DynamicLookupHelper;)V @ 30
Event: 2.482 Thread 0x0000000020eee000 Uncommon trap: reason=class_check action=maybe_recompile pc=0x0000000002bc5010 method=com.jogamp.common.os.DynamicLibraryBundle.toolDynamicLookupFunction(Ljava/lang/String;)J @ 18
Event: 2.482 Thread 0x0000000020eee000 Uncommon trap: reason=class_check action=maybe_recompile pc=0x0000000002bcd54c method=com.jogamp.gluegen.runtime.ProcAddressTable.setEntry(Ljava/lang/reflect/Field;Ljava/lang/String;Lcom/jogamp/common/os/DynamicLookupHelper;)V @ 30
Event: 2.482 Thread 0x0000000020eee000 Uncommon trap: reason=class_check action=maybe_recompile pc=0x0000000002bc5010 method=com.jogamp.common.os.DynamicLibraryBundle.toolDynamicLookupFunction(Ljava/lang/String;)J @ 18
Event: 2.482 Thread 0x0000000020eee000 Uncommon trap: reason=class_check action=maybe_recompile pc=0x0000000002bc5010 method=com.jogamp.common.os.DynamicLibraryBundle.toolDynamicLookupFunction(Ljava/lang/String;)J @ 18
Event: 2.708 Thread 0x0000000020eee000 Uncommon trap: reason=unstable_if action=reinterpret pc=0x0000000002afd568 method=sun.misc.MetaIndex.mayContain(Ljava/lang/String;)Z @ 38

Classes redefined (0 events):
No events

Internal exceptions (10 events):
Event: 0.173 Thread 0x0000000002605800 Exception <a 'java/security/PrivilegedActionException'> (0x000000076b643b30) thrown at [C:\re\workspace\8-2-build-windows-amd64-cygwin\jdk8u231\13620\hotspot\src\share\vm\prims\jvm.cpp, line 1502]
Event: 0.174 Thread 0x0000000002605800 Exception <a 'java/security/PrivilegedActionException'> (0x000000076b643d40) thrown at [C:\re\workspace\8-2-build-windows-amd64-cygwin\jdk8u231\13620\hotspot\src\share\vm\prims\jvm.cpp, line 1502]
Event: 0.174 Thread 0x0000000002605800 Exception <a 'java/security/PrivilegedActionException'> (0x000000076b647c50) thrown at [C:\re\workspace\8-2-build-windows-amd64-cygwin\jdk8u231\13620\hotspot\src\share\vm\prims\jvm.cpp, line 1502]
Event: 0.174 Thread 0x0000000002605800 Exception <a 'java/security/PrivilegedActionException'> (0x000000076b647e60) thrown at [C:\re\workspace\8-2-build-windows-amd64-cygwin\jdk8u231\13620\hotspot\src\share\vm\prims\jvm.cpp, line 1502]
Event: 0.992 Thread 0x0000000002605800 Exception <a 'java/lang/NoSuchFieldError': method resolution failed> (0x000000076bd9ca88) thrown at [C:\re\workspace\8-2-build-windows-amd64-cygwin\jdk8u231\13620\hotspot\src\share\vm\prims\methodHandles.cpp, line 1167]
Event: 0.995 Thread 0x0000000002605800 Exception <a 'java/lang/NoSuchFieldError': method resolution failed> (0x000000076bdaac70) thrown at [C:\re\workspace\8-2-build-windows-amd64-cygwin\jdk8u231\13620\hotspot\src\share\vm\prims\methodHandles.cpp, line 1167]
Event: 1.053 Thread 0x0000000002605800 Exception <a 'java/io/FileNotFoundException'> (0x000000076c16b758) thrown at [C:\re\workspace\8-2-build-windows-amd64-cygwin\jdk8u231\13620\hotspot\src\share\vm\prims\jni.cpp, line 710]
Event: 1.099 Thread 0x0000000002605800 Exception <a 'java/io/FileNotFoundException'> (0x000000076c397278) thrown at [C:\re\workspace\8-2-build-windows-amd64-cygwin\jdk8u231\13620\hotspot\src\share\vm\prims\jni.cpp, line 710]
Event: 2.241 Thread 0x0000000002605800 Exception <a 'java/lang/InterruptedException'> (0x000000076cf46a80) thrown at [C:\re\workspace\8-2-build-windows-amd64-cygwin\jdk8u231\13620\hotspot\src\share\vm\runtime\objectMonitor.cpp, line 1684]
Event: 2.334 Thread 0x0000000020eee000 Exception <a 'java/lang/reflect/InvocationTargetException'> (0x000000076e0109a8) thrown at [C:\re\workspace\8-2-build-windows-amd64-cygwin\jdk8u231\13620\hotspot\src\share\vm\runtime\reflection.cpp, line 1092]

Events (10 events):
Event: 2.744 loading class com/jogamp/opengl/util/Animator$MainLoop done
Event: 2.745 Thread 0x0000000021b17000 Thread added: 0x0000000021b17000
Event: 2.745 loading class com/jogamp/opencl/CLMemory$Mem
Event: 2.745 loading class com/jogamp/opencl/CLMemory$Mem done
Event: 2.746 loading class com/jogamp/opencl/gl/CLGLBuffer
Event: 2.746 loading class com/jogamp/opencl/gl/CLGLBuffer done
Event: 2.746 loading class com/jogamp/opencl/gl/CLGLObject
Event: 2.746 loading class com/jogamp/opencl/gl/CLGLObject done
Event: 2.746 loading class com/jogamp/opencl/CLBuffer
Event: 2.746 loading class com/jogamp/opencl/CLBuffer done


Dynamic libraries:
0x00007ff7c1850000 - 0x00007ff7c1887000 	C:\Program Files\Java\jdk1.8.0_231\bin\java.exe
0x00007fff38520000 - 0x00007fff38710000 	C:\WINDOWS\SYSTEM32\ntdll.dll
0x00007fff37af0000 - 0x00007fff37ba2000 	C:\WINDOWS\System32\KERNEL32.DLL
0x00007fff356d0000 - 0x00007fff35973000 	C:\WINDOWS\System32\KERNELBASE.dll
0x00007fff36710000 - 0x00007fff367b3000 	C:\WINDOWS\System32\ADVAPI32.dll
0x00007fff38230000 - 0x00007fff382ce000 	C:\WINDOWS\System32\msvcrt.dll
0x00007fff37990000 - 0x00007fff37a27000 	C:\WINDOWS\System32\sechost.dll
0x00007fff37bb0000 - 0x00007fff37cd0000 	C:\WINDOWS\System32\RPCRT4.dll
0x00007fff377f0000 - 0x00007fff37984000 	C:\WINDOWS\System32\USER32.dll
0x00007fff35550000 - 0x00007fff35571000 	C:\WINDOWS\System32\win32u.dll
0x00007fff37ac0000 - 0x00007fff37ae6000 	C:\WINDOWS\System32\GDI32.dll
0x00007fff36390000 - 0x00007fff36524000 	C:\WINDOWS\System32\gdi32full.dll
0x00007fff354b0000 - 0x00007fff3554e000 	C:\WINDOWS\System32\msvcp_win.dll
0x00007fff359e0000 - 0x00007fff35ada000 	C:\WINDOWS\System32\ucrtbase.dll
0x00007fff233e0000 - 0x00007fff23665000 	C:\WINDOWS\WinSxS\amd64_microsoft.windows.common-controls_6595b64144ccf1df_6.0.18362.657_none_e6c5b579130e3898\COMCTL32.dll
0x00007fff36920000 - 0x00007fff36c56000 	C:\WINDOWS\System32\combase.dll
0x00007fff36550000 - 0x00007fff365d0000 	C:\WINDOWS\System32\bcryptPrimitives.dll
0x00007fff36680000 - 0x00007fff366ae000 	C:\WINDOWS\System32\IMM32.DLL
0x000000005b880000 - 0x000000005b952000 	C:\Program Files\Java\jdk1.8.0_231\jre\bin\msvcr100.dll
0x000000005afd0000 - 0x000000005b876000 	C:\Program Files\Java\jdk1.8.0_231\jre\bin\server\jvm.dll
0x00007fff37a30000 - 0x00007fff37a38000 	C:\WINDOWS\System32\PSAPI.DLL
0x00007fff113a0000 - 0x00007fff113a9000 	C:\WINDOWS\SYSTEM32\WSOCK32.dll
0x00007fff2e5c0000 - 0x00007fff2e5ca000 	C:\WINDOWS\SYSTEM32\VERSION.dll
0x00007fff31030000 - 0x00007fff31054000 	C:\WINDOWS\SYSTEM32\WINMM.dll
0x00007fff382d0000 - 0x00007fff3833f000 	C:\WINDOWS\System32\WS2_32.dll
0x00007fff31000000 - 0x00007fff3102d000 	C:\WINDOWS\SYSTEM32\winmmbase.dll
0x00007fff35ae0000 - 0x00007fff35b2a000 	C:\WINDOWS\System32\cfgmgr32.dll
0x00007fff32160000 - 0x00007fff3216f000 	C:\Program Files\Java\jdk1.8.0_231\jre\bin\verify.dll
0x00007fff30c10000 - 0x00007fff30c39000 	C:\Program Files\Java\jdk1.8.0_231\jre\bin\java.dll
0x00007fff282b0000 - 0x00007fff282d3000 	C:\Program Files\Java\jdk1.8.0_231\jre\bin\instrument.dll
0x00007fff30e80000 - 0x00007fff30e96000 	C:\Program Files\Java\jdk1.8.0_231\jre\bin\zip.dll
0x00007fff36c70000 - 0x00007fff37355000 	C:\WINDOWS\System32\SHELL32.dll
0x00007fff37590000 - 0x00007fff37639000 	C:\WINDOWS\System32\shcore.dll
0x00007fff35c10000 - 0x00007fff3638f000 	C:\WINDOWS\System32\windows.storage.dll
0x00007fff35470000 - 0x00007fff3548f000 	C:\WINDOWS\System32\profapi.dll
0x00007fff35400000 - 0x00007fff3544a000 	C:\WINDOWS\System32\powrprof.dll
0x00007fff353f0000 - 0x00007fff35400000 	C:\WINDOWS\System32\UMPDC.dll
0x00007fff37640000 - 0x00007fff37692000 	C:\WINDOWS\System32\shlwapi.dll
0x00007fff35450000 - 0x00007fff35461000 	C:\WINDOWS\System32\kernel.appcore.dll
0x00007fff36530000 - 0x00007fff36547000 	C:\WINDOWS\System32\cryptsp.dll
0x00007fff2c730000 - 0x00007fff2c74a000 	C:\Program Files\JetBrains\IntelliJ IDEA Community Edition 2019.2\bin\breakgen64.dll
0x00007fff30960000 - 0x00007fff3097a000 	C:\Program Files\Java\jdk1.8.0_231\jre\bin\net.dll
0x00007fff34c60000 - 0x00007fff34cc7000 	C:\WINDOWS\system32\mswsock.dll
0x00007fff347d0000 - 0x00007fff34803000 	C:\WINDOWS\system32\rsaenh.dll
0x00007fff35be0000 - 0x00007fff35c06000 	C:\WINDOWS\System32\bcrypt.dll
0x00007fff35310000 - 0x00007fff35335000 	C:\WINDOWS\SYSTEM32\USERENV.dll
0x00007fff34e30000 - 0x00007fff34e3c000 	C:\WINDOWS\SYSTEM32\CRYPTBASE.dll
0x00007fff34970000 - 0x00007fff349aa000 	C:\WINDOWS\SYSTEM32\IPHLPAPI.DLL
0x00007fff37ab0000 - 0x00007fff37ab8000 	C:\WINDOWS\System32\NSI.dll
0x00007fff2e3d0000 - 0x00007fff2e3e6000 	C:\WINDOWS\SYSTEM32\dhcpcsvc6.DLL
0x00007fff2e3b0000 - 0x00007fff2e3cc000 	C:\WINDOWS\SYSTEM32\dhcpcsvc.DLL
0x00007fff349b0000 - 0x00007fff34a7a000 	C:\WINDOWS\SYSTEM32\DNSAPI.dll
0x00007fff2f8c0000 - 0x00007fff2f8d2000 	C:\Program Files\Java\jdk1.8.0_231\jre\bin\nio.dll
0x00007fff33580000 - 0x00007fff3360f000 	C:\WINDOWS\system32\apphelp.dll
0x00000000637c0000 - 0x00000000637cd000 	C:\Users\Jonah\AppData\Local\Temp\jogamp_0000\file_cache\jln3893539119882767613\jln7168553041227342853\gluegen-rt.dll
0x00007fff03f90000 - 0x00007fff0412a000 	C:\Program Files\Java\jdk1.8.0_231\jre\bin\awt.dll
0x00007fff376a0000 - 0x00007fff37764000 	C:\WINDOWS\System32\OLEAUT32.dll
0x00007fff33730000 - 0x00007fff337c9000 	C:\WINDOWS\system32\uxtheme.dll
0x00007fff383a0000 - 0x00007fff384d5000 	C:\WINDOWS\System32\MSCTF.dll
0x00007fff367c0000 - 0x00007fff36916000 	C:\WINDOWS\System32\ole32.dll
0x00007fff30d70000 - 0x00007fff30d77000 	C:\Program Files\Java\jdk1.8.0_231\jre\bin\jawt.dll
0x000000006a440000 - 0x000000006a44d000 	C:\Users\Jonah\AppData\Local\Temp\jogamp_0000\file_cache\jln3893539119882767613\jln7168553041227342853\nativewindow_awt.dll
0x00007fff33b90000 - 0x00007fff33bbd000 	C:\WINDOWS\system32\DWMAPI.DLL
0x00007fff01680000 - 0x00007fff017d6000 	C:\WINDOWS\system32\opengl32.dll
0x00007fff24880000 - 0x00007fff248ac000 	C:\WINDOWS\SYSTEM32\GLU32.dll
0x00007fff34060000 - 0x00007fff34080000 	C:\WINDOWS\SYSTEM32\dxcore.dll
0x00007fff240b0000 - 0x00007fff24277000 	C:\WINDOWS\system32\d3d9.dll
0x00007fff2bfb0000 - 0x00007fff2c09f000 	C:\WINDOWS\System32\DriverStore\FileRepository\nv_dispi.inf_amd64_fd5965e649b796e5\nvldumdx.dll
0x00007fff35580000 - 0x00007fff356c9000 	C:\WINDOWS\System32\crypt32.dll
0x00007fff35490000 - 0x00007fff354a2000 	C:\WINDOWS\System32\MSASN1.dll
0x00007fff2e580000 - 0x00007fff2e5af000 	C:\WINDOWS\SYSTEM32\cryptnet.dll
0x00007fff35980000 - 0x00007fff359dc000 	C:\WINDOWS\System32\WINTRUST.DLL
0x00007fff38210000 - 0x00007fff3822d000 	C:\WINDOWS\System32\imagehlp.dll
0x00007ffed13b0000 - 0x00007ffed28b7000 	C:\WINDOWS\System32\DriverStore\FileRepository\nv_dispi.inf_amd64_fd5965e649b796e5\nvd3dumx.dll
0x00007fff19300000 - 0x00007fff195c4000 	C:\WINDOWS\system32\nvspcap64.dll
0x00007fff34560000 - 0x00007fff34591000 	C:\WINDOWS\SYSTEM32\ntmarta.dll
0x00007fff34010000 - 0x00007fff34032000 	C:\WINDOWS\SYSTEM32\gpapi.dll
0x000000006c100000 - 0x000000006c10f000 	C:\Users\Jonah\AppData\Local\Temp\jogamp_0000\file_cache\jln3893539119882767613\jln7168553041227342853\nativewindow_win32.dll
0x0000000064500000 - 0x00000000645ae000 	C:\Users\Jonah\AppData\Local\Temp\jogamp_0000\file_cache\jln3893539119882767613\jln7168553041227342853\jogl_desktop.dll
0x0000000064340000 - 0x00000000643a0000 	C:\Users\Jonah\AppData\Local\Temp\jogamp_0000\file_cache\jln3893539119882767613\jln7168553041227342853\jogl_mobile.dll
0x00007ffec8b00000 - 0x00007ffecb1d9000 	C:\WINDOWS\System32\DriverStore\FileRepository\nv_dispi.inf_amd64_fd5965e649b796e5\nvoglv64.dll
0x00007fff37cd0000 - 0x00007fff38140000 	C:\WINDOWS\System32\SETUPAPI.dll
0x00007fff30440000 - 0x00007fff30453000 	C:\WINDOWS\SYSTEM32\WTSAPI32.dll
0x00007fff351f0000 - 0x00007fff3521a000 	C:\WINDOWS\SYSTEM32\DEVOBJ.dll
0x00007fff344b0000 - 0x00007fff3450c000 	C:\WINDOWS\SYSTEM32\WINSTA.dll
0x00007fff23200000 - 0x00007fff23249000 	C:\Program Files\Java\jdk1.8.0_231\jre\bin\fontmanager.dll
0x00007fff2cfd0000 - 0x00007fff2d06e000 	C:\WINDOWS\System32\TextInputFramework.dll
0x00007fff2f3c0000 - 0x00007fff2f6ea000 	C:\WINDOWS\System32\CoreUIComponents.dll
0x00007fff33370000 - 0x00007fff33444000 	C:\WINDOWS\System32\CoreMessaging.dll
0x00007fff31070000 - 0x00007fff311c3000 	C:\WINDOWS\SYSTEM32\wintypes.dll
0x00007fff21a80000 - 0x00007fff21ae5000 	C:\WINDOWS\system32\Oleacc.dll
0x00007fff21dc0000 - 0x00007fff21e2e000 	C:\WINDOWS\SYSTEM32\OpenCL.dll
0x000000006c580000 - 0x000000006c594000 	C:\Users\Jonah\AppData\Local\Temp\jogamp_0000\file_cache\jln3893539119882767613\jln7168553041227342853\jocl.dll
0x00007fff340f0000 - 0x00007fff341db000 	C:\WINDOWS\SYSTEM32\dxgi.dll
0x00007ffec6e50000 - 0x00007ffec8af8000 	C:\WINDOWS\System32\DriverStore\FileRepository\nv_dispi.inf_amd64_fd5965e649b796e5\nvopencl64.dll
0x00007fff27b40000 - 0x00007fff2802f000 	C:\WINDOWS\SYSTEM32\nvapi64.dll
0x00007ffec47a0000 - 0x00007ffec6e47000 	C:\WINDOWS\system32\nvcompiler.dll
0x00007fff13d40000 - 0x00007fff13f34000 	C:\WINDOWS\SYSTEM32\dbghelp.dll

VM Arguments:
jvm_args: -javaagent:C:\Program Files\JetBrains\IntelliJ IDEA Community Edition 2019.2\lib\idea_rt.jar=53193:C:\Program Files\JetBrains\IntelliJ IDEA Community Edition 2019.2\bin -Dfile.encoding=UTF-8 
java_command: jonahshader.Launcher
java_class_path (initial): C:\Program Files\Java\jdk1.8.0_231\jre\lib\charsets.jar;C:\Program Files\Java\jdk1.8.0_231\jre\lib\deploy.jar;C:\Program Files\Java\jdk1.8.0_231\jre\lib\ext\access-bridge-64.jar;C:\Program Files\Java\jdk1.8.0_231\jre\lib\ext\cldrdata.jar;C:\Program Files\Java\jdk1.8.0_231\jre\lib\ext\dnsns.jar;C:\Program Files\Java\jdk1.8.0_231\jre\lib\ext\jaccess.jar;C:\Program Files\Java\jdk1.8.0_231\jre\lib\ext\jfxrt.jar;C:\Program Files\Java\jdk1.8.0_231\jre\lib\ext\localedata.jar;C:\Program Files\Java\jdk1.8.0_231\jre\lib\ext\nashorn.jar;C:\Program Files\Java\jdk1.8.0_231\jre\lib\ext\sunec.jar;C:\Program Files\Java\jdk1.8.0_231\jre\lib\ext\sunjce_provider.jar;C:\Program Files\Java\jdk1.8.0_231\jre\lib\ext\sunmscapi.jar;C:\Program Files\Java\jdk1.8.0_231\jre\lib\ext\sunpkcs11.jar;C:\Program Files\Java\jdk1.8.0_231\jre\lib\ext\zipfs.jar;C:\Program Files\Java\jdk1.8.0_231\jre\lib\javaws.jar;C:\Program Files\Java\jdk1.8.0_231\jre\lib\jce.jar;C:\Program Files\Java\jdk1.8.0_231\jre\lib\jfr.jar;C:\Program Files\Java\jdk1.8.0_231\jre\lib\jfxswt.jar;C:\Program Files\Java\jdk1.8.0_231\jre\lib\jsse.jar;C:\Program Files\Java\jdk1.8.0_231\jre\lib\management-agent.jar;C:\Program Files\Java\jdk1.8.0_231\jre\lib\plugin.jar;C:\Program Files\Java\jdk1.8.0_231\jre\lib\resources.jar;C:\Program Files\Java\jdk1.8.0_231\jre\lib\rt.jar;G:\Programming\IDEAProjects\opencl_ray_tracer\out\production\opencl_ray_tracer;C:\Users\Jonah\.IdeaIC2019.3\config\plugins\Kotlin\kotlinc\lib\kotlin-stdlib.jar;C:\Users\Jonah\.IdeaIC2019.3\config\plugins\Kotlin\kotlinc\lib\kotlin-reflect.jar;C:\Users\Jonah\.IdeaIC2019.3\config\plugins\Kotlin\kotlinc\lib\kotlin-test.jar;C:\Users\Jonah\.IdeaIC2019.3\config\plugins\Kotlin\kotlinc\lib\kotlin-stdlib-jdk7.jar;C:\Users\Jonah\.IdeaIC2019.3\config\plugins\Kotlin\kotlinc\lib\kotlin-stdlib-jdk8.jar;C:\Users\Jonah\.m2\repository\org\jogamp\gluegen\gluegen-rt-main\2.3.1\gluegen-rt-main-2.3.1.jar;C:\Users\Jonah\.m2\repository\org\jogamp\gluegen\gluegen-rt
Launcher Type: SUN_STANDARD

Environment Variables:
JAVA_HOME=C:\Program Files\Java\jdk-12.0.2
PATH=C:\Program Files\NVIDIA GPU Computing Toolkit\CUDA\v10.2\bin;C:\Program Files\NVIDIA GPU Computing Toolkit\CUDA\v10.2\libnvvp;C:\Program Files (x86)\Common Files\Oracle\Java\javapath;C:\Program Files (x86)\Common Files\Intel\Shared Libraries\redist\intel64_win\compiler;C:\Windows\system32;C:\Windows;C:\Windows\System32\Wbem;C:\Windows\System32\WindowsPowerShell\v1.0\;C:\Windows\System32\OpenSSH\;G:\MinGW\bin;C:\Program Files (x86)\NVIDIA Corporation\PhysX\Common;G:\Program Files (x86)\QuickTime\QTSystem\;C:\Program Files\Intel\WiFi\bin\;C:\Program Files\Common Files\Intel\WirelessCommon\;C:\Program Files\NVIDIA Corporation\NVIDIA NvDLISR;C:\WINDOWS\system32;C:\WINDOWS;C:\WINDOWS\System32\Wbem;C:\WINDOWS\System32\WindowsPowerShell\v1.0\;C:\WINDOWS\System32\OpenSSH\;C:\Program Files\NVIDIA Corporation\NVIDIA NGX;C:\Program Files\Java\jdk-12.0.2\bin;;C:\Program Files\TDM-GCC-64\bin;C:\Program Files\Microsoft VS Code\bin;C:\Program Files\NVIDIA Corporation\Nsight Compute 2019.5.0\;C:\Program Files\Microsoft SQL Server\120\Tools\Binn\;C:\Program Files\CMake\bin;C:\Users\Jonah\AppData\Local\Programs\Python\Python38-32\Scripts\;C:\Users\Jonah\AppData\Local\Programs\Python\Python38-32\;C:\Program Files (x86)\Elm\0.19\bin;G:\Ruby24-x64\bin;C:\Users\Jonah\.cargo\bin;C:\Users\Jonah\AppData\Local\Microsoft\WindowsApps;C:\Program Files\Microsoft VS Code\bin;C:\Users\Jonah\AppData\Local\atom\bin;C:\Program Files\Intel\WiFi\bin\;C:\Program Files\Common Files\Intel\WirelessCommon\;C:\Users\Jonah\AppData\Local\Microsoft\WindowsApps;C:\Program Files (x86)\Atmel\Flip 3.4.7\bin;G:\Programming\Other;C:\Program Files\Git\bin;C:\Users\Jonah\Anaconda3\Scripts;
USERNAME=Jonah
OS=Windows_NT
PROCESSOR_IDENTIFIER=AMD64 Family 23 Model 8 Stepping 2, AuthenticAMD



---------------  S Y S T E M  ---------------

OS: Windows 10.0 , 64 bit Build 18362 (10.0.18362.329)

CPU:total 16 (initial active 16) (16 cores per cpu, 1 threads per core) family 23 model 8 stepping 2, cmov, cx8, fxsr, mmx, sse, sse2, sse3, ssse3, sse4.1, sse4.2, popcnt, avx, avx2, aes, clmul, mmxext, 3dnowpref, lzcnt, sse4a, tsc, tscinvbit, tscinv, bmi1

Memory: 4k page, physical 16725388k(7401924k free), swap 46085516k(20194476k free)

vm_info: Java HotSpot(TM) 64-Bit Server VM (25.231-b11) for windows-amd64 JRE (1.8.0_231-b11), built on Oct  5 2019 03:11:30 by "java_re" with MS VC++ 10.0 (VS2010)

time: Mon Mar 09 21:03:59 2020
timezone: Eastern Daylight Time
elapsed time: 2 seconds (0d 0h 0m 2s)

